<?xml version="1.0" encoding="UTF-8"?>
<!-- Generated by org.testng.reporters.JUnitReportReporter -->
<testsuite hostname="DESKTOP-A7L5GQS" failures="0" tests="12" name="com.amazon.laptop.AmazonLaptop" time="227.227" errors="1" timestamp="18 Jul 2019 03:45:46 GMT" skipped="0">
  <testcase classname="com.amazon.laptop.AmazonLaptop" name="selctLaptop" time="17.811"/>
  <testcase classname="com.amazon.laptop.AmazonLaptop" name="Test14" time="37.830"/>
  <testcase classname="com.amazon.laptop.AmazonLaptop" name="loginValidation" time="0.573"/>
  <testcase classname="com.amazon.laptop.AmazonLaptop" name="search" time="8.272"/>
  <testcase classname="com.amazon.laptop.AmazonLaptop" name="sorting" time="2.507"/>
  <testcase classname="com.amazon.laptop.AmazonLaptop" name="allPrive" time="3.236"/>
  <testcase classname="com.amazon.laptop.AmazonLaptop" name="Test15" time="40.424">
    <error message="Index: 0" type="java.lang.IndexOutOfBoundsException">
      <![CDATA[java.lang.IndexOutOfBoundsException: Index: 0
at java.base/java.util.Collections$EmptyList.get(Collections.java:4481)
at java.base/jdk.internal.reflect.GeneratedMethodAccessor1.invoke(Unknown Source)
at java.base/jdk.internal.reflect.DelegatingMethodAccessorImpl.invoke(DelegatingMethodAccessorImpl.java:43)
at java.base/java.lang.reflect.Method.invoke(Method.java:566)
at org.openqa.selenium.support.pagefactory.internal.LocatingElementListHandler.invoke(LocatingElementListHandler.java:39)
at com.sun.proxy.$Proxy14.get(Unknown Source)
at com.amazon.laptop.AmazonLaptop.Test15(AmazonLaptop.java:193)
at java.base/jdk.internal.reflect.NativeMethodAccessorImpl.invoke0(Native Method)
at java.base/jdk.internal.reflect.NativeMethodAccessorImpl.invoke(NativeMethodAccessorImpl.java:62)
at java.base/jdk.internal.reflect.DelegatingMethodAccessorImpl.invoke(DelegatingMethodAccessorImpl.java:43)
at java.base/java.lang.reflect.Method.invoke(Method.java:566)
at org.testng.internal.MethodInvocationHelper.invokeMethod(MethodInvocationHelper.java:124)
at org.testng.internal.Invoker.invokeMethod(Invoker.java:583)
at org.testng.internal.Invoker.invokeTestMethod(Invoker.java:719)
at org.testng.internal.Invoker.invokeTestMethods(Invoker.java:989)
at org.testng.internal.TestMethodWorker.invokeTestMethods(TestMethodWorker.java:125)
at org.testng.internal.TestMethodWorker.run(TestMethodWorker.java:109)
at org.testng.TestRunner.privateRun(TestRunner.java:648)
at org.testng.TestRunner.run(TestRunner.java:505)
at org.testng.SuiteRunner.runTest(SuiteRunner.java:455)
at org.testng.SuiteRunner.runSequentially(SuiteRunner.java:450)
at org.testng.SuiteRunner.privateRun(SuiteRunner.java:415)
at org.testng.SuiteRunner.run(SuiteRunner.java:364)
at org.testng.SuiteRunnerWorker.runSuite(SuiteRunnerWorker.java:52)
at org.testng.SuiteRunnerWorker.run(SuiteRunnerWorker.java:84)
at org.testng.TestNG.runSuitesSequentially(TestNG.java:1208)
at org.testng.TestNG.runSuitesLocally(TestNG.java:1137)
at org.testng.TestNG.runSuites(TestNG.java:1049)
at org.testng.TestNG.run(TestNG.java:1017)
at org.testng.remote.AbstractRemoteTestNG.run(AbstractRemoteTestNG.java:115)
at org.testng.remote.RemoteTestNG.initAndRun(RemoteTestNG.java:251)
at org.testng.remote.RemoteTestNG.main(RemoteTestNG.java:77)
]]>
    </error>
  </testcase> <!-- Test15 -->
  <testcase classname="com.amazon.laptop.AmazonLaptop" name="allName" time="2.718"/>
  <testcase classname="com.amazon.laptop.AmazonLaptop" name="brandCheakBox" time="2.063"/>
  <testcase classname="com.amazon.laptop.AmazonLaptop" name="maxPrice" time="0.009"/>
  <testcase classname="com.amazon.laptop.AmazonLaptop" name="minPrice" time="0.001"/>
  <testcase classname="com.amazon.laptop.AmazonLaptop" name="Test13" time="111.783"/>
</testsuite> <!-- com.amazon.laptop.AmazonLaptop -->
